<?xml version="1.0" encoding="UTF-8"?>
<!-- Generated by org.testng.reporters.JUnitReportReporter -->
<testsuite hostname="SeenaReddy" failures="0" tests="1" name="com.testscenarios.JRI_Signin" time="6.141" errors="0" timestamp="2022-11-22T18:43:21 CST" skipped="0">
  <testcase classname="com.testscenarios.JRI_Signin" name="f" time="6.141"/>
  <system-out/>
</testsuite> <!-- com.testscenarios.JRI_Signin -->
