<?xml version="1.0" encoding="UTF-8"?>
<!-- Generated by org.testng.reporters.JUnitReportReporter -->
<testsuite hostname="SeenaReddy" failures="0" tests="1" name="com.testscenarios.Print_TTD_CountryDropdown_OptionValues" time="9.694" errors="0" timestamp="2022-11-28T18:57:07 CST" skipped="0">
  <testcase classname="com.testscenarios.Print_TTD_CountryDropdown_OptionValues" name="f" time="9.694"/>
  <system-out/>
</testsuite> <!-- com.testscenarios.Print_TTD_CountryDropdown_OptionValues -->
