<?xml version="1.0" encoding="UTF-8"?>
<!-- Generated by org.testng.reporters.JUnitReportReporter -->
<testsuite hostname="SeenaReddy" failures="0" tests="1" name="com.testscenarios.FramesHandle" time="13.196" errors="0" timestamp="2022-11-29T19:26:53 CST" skipped="0">
  <testcase classname="com.testscenarios.FramesHandle" name="f" time="13.196"/>
  <system-out/>
</testsuite> <!-- com.testscenarios.FramesHandle -->
