<?xml version="1.0" encoding="UTF-8"?>
<!-- Generated by org.testng.reporters.JUnitReportReporter -->
<testsuite hostname="SeenaReddy" failures="0" tests="1" name="com.testscenarios.SwitchToTabAndClose" time="22.672" errors="0" timestamp="2022-11-28T19:24:46 CST" skipped="0">
  <testcase classname="com.testscenarios.SwitchToTabAndClose" name="f" time="22.672"/>
  <system-out/>
</testsuite> <!-- com.testscenarios.SwitchToTabAndClose -->
