<?xml version="1.0" encoding="UTF-8"?>
<!-- Generated by org.testng.reporters.JUnitReportReporter -->
<testsuite hostname="SeenaReddy" failures="0" tests="1" name="com.testscenarios.FB_login" time="6.620" errors="0" timestamp="2022-11-15T19:13:48 CST" skipped="0">
  <testcase classname="com.testscenarios.FB_login" name="f" time="6.620"/>
  <system-out/>
</testsuite> <!-- com.testscenarios.FB_login -->
