<?xml version="1.0" encoding="UTF-8"?>
<!-- Generated by org.testng.reporters.JUnitReportReporter -->
<testsuite hostname="SeenaReddy" failures="0" tests="1" name="com.testscenarios.JRI_CreateNewAccount" time="10.665" errors="0" timestamp="2022-11-22T19:36:05 CST" skipped="0">
  <testcase classname="com.testscenarios.JRI_CreateNewAccount" name="f" time="10.665"/>
  <system-out/>
</testsuite> <!-- com.testscenarios.JRI_CreateNewAccount -->
